Iteration #1
Total number of hole bits is 111
Sketch file is snap_heavy_hitter_equivalent_10_canonicalizer_equivalent_1_tofino_stateless_alu_for_tofino_1_1_codegen_iteration_1.sk
snap_heavy_hitter_equivalent_10_canonicalizer_equivalent_1_tofino_stateless_alu_for_tofino_1_1_codegen_iteration_1.sk passed syntax check. 
Synthesis succeeded with 2 bits, proceeding to verification.
snap_heavy_hitter_equivalent_10_canonicalizer_equivalent_1_tofino_stateless_alu_for_tofino_1_1_verify_iter_1.sk passed syntax check. 
Verification failed.
Use returned counterexamples OrderedDict([('pkt_0', 0)]) OrderedDict([('state_group_0_state_1', 0), ('state_group_0_state_0', 999)])
updated constant array OrderedSet(['0', ' 1', ' 2', ' 3', ' 1000', '999'])
Iteration #2
Total number of hole bits is 111
Sketch file is snap_heavy_hitter_equivalent_10_canonicalizer_equivalent_1_tofino_stateless_alu_for_tofino_1_1_codegen_iteration_2.sk
snap_heavy_hitter_equivalent_10_canonicalizer_equivalent_1_tofino_stateless_alu_for_tofino_1_1_codegen_iteration_2.sk passed syntax check. 
Synthesis succeeded with 2 bits, proceeding to verification.
snap_heavy_hitter_equivalent_10_canonicalizer_equivalent_1_tofino_stateless_alu_for_tofino_1_1_verify_iter_2.sk passed syntax check. 
Verification failed.
Use returned counterexamples OrderedDict([('pkt_0', 1)]) OrderedDict([('state_group_0_state_1', 0), ('state_group_0_state_0', 998)])
updated constant array OrderedSet(['0', ' 1', ' 2', ' 3', ' 1000', '999', '1', '998'])
Iteration #3
Total number of hole bits is 111
Sketch file is snap_heavy_hitter_equivalent_10_canonicalizer_equivalent_1_tofino_stateless_alu_for_tofino_1_1_codegen_iteration_3.sk
Synthesis succeeded with 2 bits, proceeding to verification.
snap_heavy_hitter_equivalent_10_canonicalizer_equivalent_1_tofino_stateless_alu_for_tofino_1_1_verify_iter_3.sk passed syntax check. 
Verification failed.
Use returned counterexamples OrderedDict([('pkt_0', 1)]) OrderedDict([('state_group_0_state_1', 0), ('state_group_0_state_0', 999)])
updated constant array OrderedSet(['0', ' 1', ' 2', ' 3', ' 1000', '999', '1', '998'])
Iteration #4
Total number of hole bits is 111
Sketch file is snap_heavy_hitter_equivalent_10_canonicalizer_equivalent_1_tofino_stateless_alu_for_tofino_1_1_codegen_iteration_4.sk
Synthesis succeeded with 2 bits, proceeding to verification.
snap_heavy_hitter_equivalent_10_canonicalizer_equivalent_1_tofino_stateless_alu_for_tofino_1_1_verify_iter_4.sk passed syntax check. 
Verification failed.
Use returned counterexamples OrderedDict([('pkt_0', 0)]) OrderedDict([('state_group_0_state_1', 2), ('state_group_0_state_0', 999)])
updated constant array OrderedSet(['0', ' 1', ' 2', ' 3', ' 1000', '999', '1', '998', '2'])
Iteration #5
Total number of hole bits is 122
Sketch file is snap_heavy_hitter_equivalent_10_canonicalizer_equivalent_1_tofino_stateless_alu_for_tofino_1_1_codegen_iteration_5.sk
snap_heavy_hitter_equivalent_10_canonicalizer_equivalent_1_tofino_stateless_alu_for_tofino_1_1_codegen_iteration_5.sk passed syntax check. 
Synthesis succeeded with 2 bits, proceeding to verification.
snap_heavy_hitter_equivalent_10_canonicalizer_equivalent_1_tofino_stateless_alu_for_tofino_1_1_verify_iter_5.sk passed syntax check. 
Verification failed.
Use returned counterexamples OrderedDict([('pkt_0', 1)]) OrderedDict([('state_group_0_state_1', 0), ('state_group_0_state_0', 997)])
updated constant array OrderedSet(['0', ' 1', ' 2', ' 3', ' 1000', '999', '1', '998', '2', '997'])
Iteration #6
Total number of hole bits is 122
Sketch file is snap_heavy_hitter_equivalent_10_canonicalizer_equivalent_1_tofino_stateless_alu_for_tofino_1_1_codegen_iteration_6.sk
Synthesis succeeded with 2 bits, proceeding to verification.
snap_heavy_hitter_equivalent_10_canonicalizer_equivalent_1_tofino_stateless_alu_for_tofino_1_1_verify_iter_6.sk passed syntax check. 
Verification failed.
Use returned counterexamples OrderedDict([('pkt_0', 1)]) OrderedDict([('state_group_0_state_1', 1), ('state_group_0_state_0', 999)])
updated constant array OrderedSet(['0', ' 1', ' 2', ' 3', ' 1000', '999', '1', '998', '2', '997'])
Iteration #7
Total number of hole bits is 122
Sketch file is snap_heavy_hitter_equivalent_10_canonicalizer_equivalent_1_tofino_stateless_alu_for_tofino_1_1_codegen_iteration_7.sk
Synthesis succeeded with 2 bits, proceeding to verification.
snap_heavy_hitter_equivalent_10_canonicalizer_equivalent_1_tofino_stateless_alu_for_tofino_1_1_verify_iter_7.sk passed syntax check. 
Verification failed.
Use returned counterexamples OrderedDict([('pkt_0', 2)]) OrderedDict([('state_group_0_state_1', 0), ('state_group_0_state_0', 999)])
updated constant array OrderedSet(['0', ' 1', ' 2', ' 3', ' 1000', '999', '1', '998', '2', '997'])
Iteration #8
Total number of hole bits is 122
Sketch file is snap_heavy_hitter_equivalent_10_canonicalizer_equivalent_1_tofino_stateless_alu_for_tofino_1_1_codegen_iteration_8.sk
Synthesis succeeded with 2 bits, proceeding to verification.
snap_heavy_hitter_equivalent_10_canonicalizer_equivalent_1_tofino_stateless_alu_for_tofino_1_1_verify_iter_8.sk passed syntax check. 
Verification failed.
Use returned counterexamples OrderedDict([('pkt_0', 0)]) OrderedDict([('state_group_0_state_1', 1), ('state_group_0_state_0', 1001)])
updated constant array OrderedSet(['0', ' 1', ' 2', ' 3', ' 1000', '999', '1', '998', '2', '997', '1001'])
Iteration #9
Total number of hole bits is 122
Sketch file is snap_heavy_hitter_equivalent_10_canonicalizer_equivalent_1_tofino_stateless_alu_for_tofino_1_1_codegen_iteration_9.sk
Synthesis succeeded with 2 bits, proceeding to verification.
snap_heavy_hitter_equivalent_10_canonicalizer_equivalent_1_tofino_stateless_alu_for_tofino_1_1_verify_iter_9.sk passed syntax check. 
Verification failed.
Use returned counterexamples OrderedDict([('pkt_0', 0)]) OrderedDict([('state_group_0_state_1', 0), ('state_group_0_state_0', 1000)])
updated constant array OrderedSet(['0', ' 1', ' 2', ' 3', ' 1000', '999', '1', '998', '2', '997', '1001', '1000'])
Iteration #10
Total number of hole bits is 122
Sketch file is snap_heavy_hitter_equivalent_10_canonicalizer_equivalent_1_tofino_stateless_alu_for_tofino_1_1_codegen_iteration_10.sk
Synthesis succeeded with 2 bits, proceeding to verification.
snap_heavy_hitter_equivalent_10_canonicalizer_equivalent_1_tofino_stateless_alu_for_tofino_1_1_verify_iter_10.sk passed syntax check. 
Failed to generate counterexamples, z3 returned unsat
Compilation succeeded. Hole value assignments are following:
int snap_heavy_hitter_equivalent_10_canonicalizer_equivalent_1_tofino_stateless_alu_for_tofino_1_1_output_mux_phv_0_0_ctrl = 1
int snap_heavy_hitter_equivalent_10_canonicalizer_equivalent_1_tofino_stateless_alu_for_tofino_1_1_salu_config_0_0 = 1
int snap_heavy_hitter_equivalent_10_canonicalizer_equivalent_1_tofino_stateless_alu_for_tofino_1_1_stateful_alu_0_0_Mux3_0_global = 3
int snap_heavy_hitter_equivalent_10_canonicalizer_equivalent_1_tofino_stateless_alu_for_tofino_1_1_stateful_alu_0_0_Mux3_10_global = 3
int snap_heavy_hitter_equivalent_10_canonicalizer_equivalent_1_tofino_stateless_alu_for_tofino_1_1_stateful_alu_0_0_Mux3_11_global = 1
int snap_heavy_hitter_equivalent_10_canonicalizer_equivalent_1_tofino_stateless_alu_for_tofino_1_1_stateful_alu_0_0_Mux3_1_global = 1
int snap_heavy_hitter_equivalent_10_canonicalizer_equivalent_1_tofino_stateless_alu_for_tofino_1_1_stateful_alu_0_0_Mux3_2_global = 2
int snap_heavy_hitter_equivalent_10_canonicalizer_equivalent_1_tofino_stateless_alu_for_tofino_1_1_stateful_alu_0_0_Mux3_3_global = 1
int snap_heavy_hitter_equivalent_10_canonicalizer_equivalent_1_tofino_stateless_alu_for_tofino_1_1_stateful_alu_0_0_Mux3_4_global = 2
int snap_heavy_hitter_equivalent_10_canonicalizer_equivalent_1_tofino_stateless_alu_for_tofino_1_1_stateful_alu_0_0_Mux3_5_global = 1
int snap_heavy_hitter_equivalent_10_canonicalizer_equivalent_1_tofino_stateless_alu_for_tofino_1_1_stateful_alu_0_0_Mux3_6_global = 2
int snap_heavy_hitter_equivalent_10_canonicalizer_equivalent_1_tofino_stateless_alu_for_tofino_1_1_stateful_alu_0_0_Mux3_7_global = 0
int snap_heavy_hitter_equivalent_10_canonicalizer_equivalent_1_tofino_stateless_alu_for_tofino_1_1_stateful_alu_0_0_Mux3_8_global = 2
int snap_heavy_hitter_equivalent_10_canonicalizer_equivalent_1_tofino_stateless_alu_for_tofino_1_1_stateful_alu_0_0_Mux3_9_global = 0
int snap_heavy_hitter_equivalent_10_canonicalizer_equivalent_1_tofino_stateless_alu_for_tofino_1_1_stateful_alu_0_0_Mux5_0_global = 1
int snap_heavy_hitter_equivalent_10_canonicalizer_equivalent_1_tofino_stateless_alu_for_tofino_1_1_stateful_alu_0_0_arith_op_0_global = 1
int snap_heavy_hitter_equivalent_10_canonicalizer_equivalent_1_tofino_stateless_alu_for_tofino_1_1_stateful_alu_0_0_arith_op_1_global = 1
int snap_heavy_hitter_equivalent_10_canonicalizer_equivalent_1_tofino_stateless_alu_for_tofino_1_1_stateful_alu_0_0_arith_op_2_global = 0
int snap_heavy_hitter_equivalent_10_canonicalizer_equivalent_1_tofino_stateless_alu_for_tofino_1_1_stateful_alu_0_0_arith_op_3_global = 0
int snap_heavy_hitter_equivalent_10_canonicalizer_equivalent_1_tofino_stateless_alu_for_tofino_1_1_stateful_alu_0_0_bool_op_0_global = 1
int snap_heavy_hitter_equivalent_10_canonicalizer_equivalent_1_tofino_stateless_alu_for_tofino_1_1_stateful_alu_0_0_bool_op_1_global = 6
int snap_heavy_hitter_equivalent_10_canonicalizer_equivalent_1_tofino_stateless_alu_for_tofino_1_1_stateful_alu_0_0_bool_op_2_global = 2
int snap_heavy_hitter_equivalent_10_canonicalizer_equivalent_1_tofino_stateless_alu_for_tofino_1_1_stateful_alu_0_0_bool_op_3_global = 8
int snap_heavy_hitter_equivalent_10_canonicalizer_equivalent_1_tofino_stateless_alu_for_tofino_1_1_stateful_alu_0_0_compute_alu_0_global = 5
int snap_heavy_hitter_equivalent_10_canonicalizer_equivalent_1_tofino_stateless_alu_for_tofino_1_1_stateful_alu_0_0_compute_alu_1_global = 3
int snap_heavy_hitter_equivalent_10_canonicalizer_equivalent_1_tofino_stateless_alu_for_tofino_1_1_stateful_alu_0_0_compute_alu_2_global = 1
int snap_heavy_hitter_equivalent_10_canonicalizer_equivalent_1_tofino_stateless_alu_for_tofino_1_1_stateful_alu_0_0_compute_alu_3_global = 0
int snap_heavy_hitter_equivalent_10_canonicalizer_equivalent_1_tofino_stateless_alu_for_tofino_1_1_stateful_alu_0_0_const_0_global = 1
int snap_heavy_hitter_equivalent_10_canonicalizer_equivalent_1_tofino_stateless_alu_for_tofino_1_1_stateful_alu_0_0_const_1_global = 5
int snap_heavy_hitter_equivalent_10_canonicalizer_equivalent_1_tofino_stateless_alu_for_tofino_1_1_stateful_alu_0_0_const_2_global = 6
int snap_heavy_hitter_equivalent_10_canonicalizer_equivalent_1_tofino_stateless_alu_for_tofino_1_1_stateful_alu_0_0_const_3_global = 3
int snap_heavy_hitter_equivalent_10_canonicalizer_equivalent_1_tofino_stateless_alu_for_tofino_1_1_stateful_alu_0_0_const_4_global = 4
int snap_heavy_hitter_equivalent_10_canonicalizer_equivalent_1_tofino_stateless_alu_for_tofino_1_1_stateful_alu_0_0_const_5_global = 0
int snap_heavy_hitter_equivalent_10_canonicalizer_equivalent_1_tofino_stateless_alu_for_tofino_1_1_stateful_alu_0_0_const_6_global = 1
int snap_heavy_hitter_equivalent_10_canonicalizer_equivalent_1_tofino_stateless_alu_for_tofino_1_1_stateful_alu_0_0_const_7_global = 0
int snap_heavy_hitter_equivalent_10_canonicalizer_equivalent_1_tofino_stateless_alu_for_tofino_1_1_stateful_alu_0_0_const_8_global = 5
int snap_heavy_hitter_equivalent_10_canonicalizer_equivalent_1_tofino_stateless_alu_for_tofino_1_1_stateful_alu_0_0_const_9_global = 0
int snap_heavy_hitter_equivalent_10_canonicalizer_equivalent_1_tofino_stateless_alu_for_tofino_1_1_stateful_alu_0_0_rel_op_0_global = 0
int snap_heavy_hitter_equivalent_10_canonicalizer_equivalent_1_tofino_stateless_alu_for_tofino_1_1_stateful_alu_0_0_rel_op_1_global = 3
int snap_heavy_hitter_equivalent_10_canonicalizer_equivalent_1_tofino_stateless_alu_for_tofino_1_1_stateful_operand_mux_0_0_0_ctrl = 0
int snap_heavy_hitter_equivalent_10_canonicalizer_equivalent_1_tofino_stateless_alu_for_tofino_1_1_stateful_operand_mux_0_0_1_ctrl = 0
int snap_heavy_hitter_equivalent_10_canonicalizer_equivalent_1_tofino_stateless_alu_for_tofino_1_1_stateless_alu_0_0_immediate = 0
int snap_heavy_hitter_equivalent_10_canonicalizer_equivalent_1_tofino_stateless_alu_for_tofino_1_1_stateless_alu_0_0_mux1_ctrl = 0
int snap_heavy_hitter_equivalent_10_canonicalizer_equivalent_1_tofino_stateless_alu_for_tofino_1_1_stateless_alu_0_0_mux2_ctrl = 0
int snap_heavy_hitter_equivalent_10_canonicalizer_equivalent_1_tofino_stateless_alu_for_tofino_1_1_stateless_alu_0_0_opcode = 7
Output left in snap_heavy_hitter_equivalent_10_canonicalizer_equivalent_1_tofino_stateless_alu_for_tofino_1_1.success