Iteration #1
Total number of hole bits is 496
Sketch file is hula_forwarding_equivalent_1_canonicalizer_equivalent_0_pred_raw_stateless_alu_4_4_codegen_iteration_1.sk
Synthesis succeeded with 2 bits, proceeding to verification.
Verification failed.
Use returned counterexamples OrderedDict([('pkt_1', 1001), ('pkt_0', 1), ('pkt_2', 0)]) OrderedDict([('state_group_1_state_0', 0), ('state_group_2_state_0', 0), ('state_group_0_state_0', 0)])
updated constant array OrderedSet(['0', ' 1', ' 2', ' 3', ' 1000', '1001', '1'])
Iteration #2
Total number of hole bits is 496
Sketch file is hula_forwarding_equivalent_1_canonicalizer_equivalent_0_pred_raw_stateless_alu_4_4_codegen_iteration_2.sk
Synthesis succeeded with 2 bits, proceeding to verification.
Verification failed.
Use returned counterexamples OrderedDict([('pkt_1', 1001), ('pkt_0', 0), ('pkt_2', 0)]) OrderedDict([('state_group_1_state_0', 0), ('state_group_2_state_0', 0), ('state_group_0_state_0', 1)])
updated constant array OrderedSet(['0', ' 1', ' 2', ' 3', ' 1000', '1001', '1'])
Iteration #3
Total number of hole bits is 496
Sketch file is hula_forwarding_equivalent_1_canonicalizer_equivalent_0_pred_raw_stateless_alu_4_4_codegen_iteration_3.sk
Synthesis succeeded with 2 bits, proceeding to verification.
Verification failed.
Use returned counterexamples OrderedDict([('pkt_1', 1001), ('pkt_0', 1), ('pkt_2', 0)]) OrderedDict([('state_group_1_state_0', 0), ('state_group_2_state_0', 1), ('state_group_0_state_0', 0)])
updated constant array OrderedSet(['0', ' 1', ' 2', ' 3', ' 1000', '1001', '1'])
Iteration #4
Total number of hole bits is 496
Sketch file is hula_forwarding_equivalent_1_canonicalizer_equivalent_0_pred_raw_stateless_alu_4_4_codegen_iteration_4.sk
Synthesis succeeded with 2 bits, proceeding to verification.
Verification failed.
Use returned counterexamples OrderedDict([('pkt_1', 1002), ('pkt_0', 1), ('pkt_2', 0)]) OrderedDict([('state_group_1_state_0', 0), ('state_group_2_state_0', 1), ('state_group_0_state_0', 0)])
updated constant array OrderedSet(['0', ' 1', ' 2', ' 3', ' 1000', '1001', '1', '1002'])
Iteration #5
Total number of hole bits is 496
Sketch file is hula_forwarding_equivalent_1_canonicalizer_equivalent_0_pred_raw_stateless_alu_4_4_codegen_iteration_5.sk
Synthesis succeeded with 2 bits, proceeding to verification.
Verification failed.
Use returned counterexamples OrderedDict([('pkt_1', 1000), ('pkt_2', 0), ('pkt_0', 0)]) OrderedDict([('state_group_1_state_0', 0), ('state_group_2_state_0', 0), ('state_group_0_state_0', 0)])
updated constant array OrderedSet(['0', ' 1', ' 2', ' 3', ' 1000', '1001', '1', '1002', '1000'])
Iteration #6
Total number of hole bits is 536
Sketch file is hula_forwarding_equivalent_1_canonicalizer_equivalent_0_pred_raw_stateless_alu_4_4_codegen_iteration_6.sk
Synthesis succeeded with 2 bits, proceeding to verification.
Verification failed.
Use returned counterexamples OrderedDict([('pkt_1', 1001), ('pkt_0', 1), ('pkt_2', 0)]) OrderedDict([('state_group_1_state_0', 0), ('state_group_2_state_0', 2), ('state_group_0_state_0', 0)])
updated constant array OrderedSet(['0', ' 1', ' 2', ' 3', ' 1000', '1001', '1', '1002', '1000', '2'])
Iteration #7
Total number of hole bits is 536
Sketch file is hula_forwarding_equivalent_1_canonicalizer_equivalent_0_pred_raw_stateless_alu_4_4_codegen_iteration_7.sk
Synthesis succeeded with 2 bits, proceeding to verification.
Verification failed.
Use returned counterexamples OrderedDict([('pkt_1', 1001), ('pkt_0', 196), ('pkt_2', 0)]) OrderedDict([('state_group_1_state_0', 0), ('state_group_2_state_0', 0), ('state_group_0_state_0', 2)])
updated constant array OrderedSet(['0', ' 1', ' 2', ' 3', ' 1000', '1001', '1', '1002', '1000', '2', '196'])
Iteration #8
Total number of hole bits is 536
Sketch file is hula_forwarding_equivalent_1_canonicalizer_equivalent_0_pred_raw_stateless_alu_4_4_codegen_iteration_8.sk
Synthesis succeeded with 2 bits, proceeding to verification.
Verification failed.
Use returned counterexamples OrderedDict([('pkt_1', 1002), ('pkt_0', 0), ('pkt_2', 0)]) OrderedDict([('state_group_1_state_0', 0), ('state_group_2_state_0', 1), ('state_group_0_state_0', 1)])
updated constant array OrderedSet(['0', ' 1', ' 2', ' 3', ' 1000', '1001', '1', '1002', '1000', '2', '196'])
Iteration #9
Total number of hole bits is 536
Sketch file is hula_forwarding_equivalent_1_canonicalizer_equivalent_0_pred_raw_stateless_alu_4_4_codegen_iteration_9.sk
Synthesis succeeded with 2 bits, proceeding to verification.
Verification failed.
Use returned counterexamples OrderedDict([('pkt_1', 1002), ('pkt_0', 0), ('pkt_2', 0)]) OrderedDict([('state_group_1_state_0', 2), ('state_group_2_state_0', 0), ('state_group_0_state_0', 1)])
updated constant array OrderedSet(['0', ' 1', ' 2', ' 3', ' 1000', '1001', '1', '1002', '1000', '2', '196'])
Iteration #10
Total number of hole bits is 536
Sketch file is hula_forwarding_equivalent_1_canonicalizer_equivalent_0_pred_raw_stateless_alu_4_4_codegen_iteration_10.sk
Synthesis succeeded with 2 bits, proceeding to verification.
Failed to generate counterexamples, z3 returned unsat
Compilation succeeded. Hole value assignments are following:
int hula_forwarding_equivalent_1_canonicalizer_equivalent_0_pred_raw_stateless_alu_4_4_output_mux_phv_0_0_ctrl = 0
int hula_forwarding_equivalent_1_canonicalizer_equivalent_0_pred_raw_stateless_alu_4_4_output_mux_phv_0_1_ctrl = 3
int hula_forwarding_equivalent_1_canonicalizer_equivalent_0_pred_raw_stateless_alu_4_4_output_mux_phv_0_2_ctrl = 3
int hula_forwarding_equivalent_1_canonicalizer_equivalent_0_pred_raw_stateless_alu_4_4_output_mux_phv_0_3_ctrl = 2
int hula_forwarding_equivalent_1_canonicalizer_equivalent_0_pred_raw_stateless_alu_4_4_output_mux_phv_1_0_ctrl = 3
int hula_forwarding_equivalent_1_canonicalizer_equivalent_0_pred_raw_stateless_alu_4_4_output_mux_phv_1_1_ctrl = 3
int hula_forwarding_equivalent_1_canonicalizer_equivalent_0_pred_raw_stateless_alu_4_4_output_mux_phv_1_2_ctrl = 3
int hula_forwarding_equivalent_1_canonicalizer_equivalent_0_pred_raw_stateless_alu_4_4_output_mux_phv_1_3_ctrl = 1
int hula_forwarding_equivalent_1_canonicalizer_equivalent_0_pred_raw_stateless_alu_4_4_output_mux_phv_2_0_ctrl = 3
int hula_forwarding_equivalent_1_canonicalizer_equivalent_0_pred_raw_stateless_alu_4_4_output_mux_phv_2_1_ctrl = 3
int hula_forwarding_equivalent_1_canonicalizer_equivalent_0_pred_raw_stateless_alu_4_4_output_mux_phv_2_2_ctrl = 3
int hula_forwarding_equivalent_1_canonicalizer_equivalent_0_pred_raw_stateless_alu_4_4_output_mux_phv_2_3_ctrl = 1
int hula_forwarding_equivalent_1_canonicalizer_equivalent_0_pred_raw_stateless_alu_4_4_output_mux_phv_3_0_ctrl = 0
int hula_forwarding_equivalent_1_canonicalizer_equivalent_0_pred_raw_stateless_alu_4_4_output_mux_phv_3_1_ctrl = 2
int hula_forwarding_equivalent_1_canonicalizer_equivalent_0_pred_raw_stateless_alu_4_4_output_mux_phv_3_2_ctrl = 1
int hula_forwarding_equivalent_1_canonicalizer_equivalent_0_pred_raw_stateless_alu_4_4_output_mux_phv_3_3_ctrl = 1
int hula_forwarding_equivalent_1_canonicalizer_equivalent_0_pred_raw_stateless_alu_4_4_salu_config_0_0 = 1
int hula_forwarding_equivalent_1_canonicalizer_equivalent_0_pred_raw_stateless_alu_4_4_salu_config_0_1 = 0
int hula_forwarding_equivalent_1_canonicalizer_equivalent_0_pred_raw_stateless_alu_4_4_salu_config_0_2 = 1
int hula_forwarding_equivalent_1_canonicalizer_equivalent_0_pred_raw_stateless_alu_4_4_salu_config_1_0 = 0
int hula_forwarding_equivalent_1_canonicalizer_equivalent_0_pred_raw_stateless_alu_4_4_salu_config_1_1 = 0
int hula_forwarding_equivalent_1_canonicalizer_equivalent_0_pred_raw_stateless_alu_4_4_salu_config_1_2 = 0
int hula_forwarding_equivalent_1_canonicalizer_equivalent_0_pred_raw_stateless_alu_4_4_salu_config_2_0 = 0
int hula_forwarding_equivalent_1_canonicalizer_equivalent_0_pred_raw_stateless_alu_4_4_salu_config_2_1 = 0
int hula_forwarding_equivalent_1_canonicalizer_equivalent_0_pred_raw_stateless_alu_4_4_salu_config_2_2 = 0
int hula_forwarding_equivalent_1_canonicalizer_equivalent_0_pred_raw_stateless_alu_4_4_salu_config_3_0 = 0
int hula_forwarding_equivalent_1_canonicalizer_equivalent_0_pred_raw_stateless_alu_4_4_salu_config_3_1 = 1
int hula_forwarding_equivalent_1_canonicalizer_equivalent_0_pred_raw_stateless_alu_4_4_salu_config_3_2 = 0
int hula_forwarding_equivalent_1_canonicalizer_equivalent_0_pred_raw_stateless_alu_4_4_stateful_alu_0_0_Mux3_0_global = 3
int hula_forwarding_equivalent_1_canonicalizer_equivalent_0_pred_raw_stateless_alu_4_4_stateful_alu_0_0_Mux3_1_global = 2
int hula_forwarding_equivalent_1_canonicalizer_equivalent_0_pred_raw_stateless_alu_4_4_stateful_alu_0_0_Opt_0_global = 1
int hula_forwarding_equivalent_1_canonicalizer_equivalent_0_pred_raw_stateless_alu_4_4_stateful_alu_0_0_Opt_1_global = 1
int hula_forwarding_equivalent_1_canonicalizer_equivalent_0_pred_raw_stateless_alu_4_4_stateful_alu_0_0_const_0_global = 0
int hula_forwarding_equivalent_1_canonicalizer_equivalent_0_pred_raw_stateless_alu_4_4_stateful_alu_0_0_const_1_global = 1
int hula_forwarding_equivalent_1_canonicalizer_equivalent_0_pred_raw_stateless_alu_4_4_stateful_alu_0_0_output_mux_global = 0
int hula_forwarding_equivalent_1_canonicalizer_equivalent_0_pred_raw_stateless_alu_4_4_stateful_alu_0_0_rel_op_0_global = 2
int hula_forwarding_equivalent_1_canonicalizer_equivalent_0_pred_raw_stateless_alu_4_4_stateful_alu_0_1_Mux3_0_global = 3
int hula_forwarding_equivalent_1_canonicalizer_equivalent_0_pred_raw_stateless_alu_4_4_stateful_alu_0_1_Mux3_1_global = 2
int hula_forwarding_equivalent_1_canonicalizer_equivalent_0_pred_raw_stateless_alu_4_4_stateful_alu_0_1_Opt_0_global = 0
int hula_forwarding_equivalent_1_canonicalizer_equivalent_0_pred_raw_stateless_alu_4_4_stateful_alu_0_1_Opt_1_global = 0
int hula_forwarding_equivalent_1_canonicalizer_equivalent_0_pred_raw_stateless_alu_4_4_stateful_alu_0_1_const_0_global = 0
int hula_forwarding_equivalent_1_canonicalizer_equivalent_0_pred_raw_stateless_alu_4_4_stateful_alu_0_1_const_1_global = 8
int hula_forwarding_equivalent_1_canonicalizer_equivalent_0_pred_raw_stateless_alu_4_4_stateful_alu_0_1_output_mux_global = 0
int hula_forwarding_equivalent_1_canonicalizer_equivalent_0_pred_raw_stateless_alu_4_4_stateful_alu_0_1_rel_op_0_global = 0
int hula_forwarding_equivalent_1_canonicalizer_equivalent_0_pred_raw_stateless_alu_4_4_stateful_alu_0_2_Mux3_0_global = 3
int hula_forwarding_equivalent_1_canonicalizer_equivalent_0_pred_raw_stateless_alu_4_4_stateful_alu_0_2_Mux3_1_global = 1
int hula_forwarding_equivalent_1_canonicalizer_equivalent_0_pred_raw_stateless_alu_4_4_stateful_alu_0_2_Opt_0_global = 1
int hula_forwarding_equivalent_1_canonicalizer_equivalent_0_pred_raw_stateless_alu_4_4_stateful_alu_0_2_Opt_1_global = 1
int hula_forwarding_equivalent_1_canonicalizer_equivalent_0_pred_raw_stateless_alu_4_4_stateful_alu_0_2_const_0_global = 6
int hula_forwarding_equivalent_1_canonicalizer_equivalent_0_pred_raw_stateless_alu_4_4_stateful_alu_0_2_const_1_global = 8
int hula_forwarding_equivalent_1_canonicalizer_equivalent_0_pred_raw_stateless_alu_4_4_stateful_alu_0_2_output_mux_global = 1
int hula_forwarding_equivalent_1_canonicalizer_equivalent_0_pred_raw_stateless_alu_4_4_stateful_alu_0_2_rel_op_0_global = 0
int hula_forwarding_equivalent_1_canonicalizer_equivalent_0_pred_raw_stateless_alu_4_4_stateful_alu_1_0_Mux3_0_global = 3
int hula_forwarding_equivalent_1_canonicalizer_equivalent_0_pred_raw_stateless_alu_4_4_stateful_alu_1_0_Mux3_1_global = 2
int hula_forwarding_equivalent_1_canonicalizer_equivalent_0_pred_raw_stateless_alu_4_4_stateful_alu_1_0_Opt_0_global = 0
int hula_forwarding_equivalent_1_canonicalizer_equivalent_0_pred_raw_stateless_alu_4_4_stateful_alu_1_0_Opt_1_global = 0
int hula_forwarding_equivalent_1_canonicalizer_equivalent_0_pred_raw_stateless_alu_4_4_stateful_alu_1_0_const_0_global = 3
int hula_forwarding_equivalent_1_canonicalizer_equivalent_0_pred_raw_stateless_alu_4_4_stateful_alu_1_0_const_1_global = 2
int hula_forwarding_equivalent_1_canonicalizer_equivalent_0_pred_raw_stateless_alu_4_4_stateful_alu_1_0_output_mux_global = 0
int hula_forwarding_equivalent_1_canonicalizer_equivalent_0_pred_raw_stateless_alu_4_4_stateful_alu_1_0_rel_op_0_global = 3
int hula_forwarding_equivalent_1_canonicalizer_equivalent_0_pred_raw_stateless_alu_4_4_stateful_alu_1_1_Mux3_0_global = 1
int hula_forwarding_equivalent_1_canonicalizer_equivalent_0_pred_raw_stateless_alu_4_4_stateful_alu_1_1_Mux3_1_global = 0
int hula_forwarding_equivalent_1_canonicalizer_equivalent_0_pred_raw_stateless_alu_4_4_stateful_alu_1_1_Opt_0_global = 0
int hula_forwarding_equivalent_1_canonicalizer_equivalent_0_pred_raw_stateless_alu_4_4_stateful_alu_1_1_Opt_1_global = 0
int hula_forwarding_equivalent_1_canonicalizer_equivalent_0_pred_raw_stateless_alu_4_4_stateful_alu_1_1_const_0_global = 0
int hula_forwarding_equivalent_1_canonicalizer_equivalent_0_pred_raw_stateless_alu_4_4_stateful_alu_1_1_const_1_global = 1
int hula_forwarding_equivalent_1_canonicalizer_equivalent_0_pred_raw_stateless_alu_4_4_stateful_alu_1_1_output_mux_global = 0
int hula_forwarding_equivalent_1_canonicalizer_equivalent_0_pred_raw_stateless_alu_4_4_stateful_alu_1_1_rel_op_0_global = 1
int hula_forwarding_equivalent_1_canonicalizer_equivalent_0_pred_raw_stateless_alu_4_4_stateful_alu_1_2_Mux3_0_global = 2
int hula_forwarding_equivalent_1_canonicalizer_equivalent_0_pred_raw_stateless_alu_4_4_stateful_alu_1_2_Mux3_1_global = 3
int hula_forwarding_equivalent_1_canonicalizer_equivalent_0_pred_raw_stateless_alu_4_4_stateful_alu_1_2_Opt_0_global = 0
int hula_forwarding_equivalent_1_canonicalizer_equivalent_0_pred_raw_stateless_alu_4_4_stateful_alu_1_2_Opt_1_global = 0
int hula_forwarding_equivalent_1_canonicalizer_equivalent_0_pred_raw_stateless_alu_4_4_stateful_alu_1_2_const_0_global = 2
int hula_forwarding_equivalent_1_canonicalizer_equivalent_0_pred_raw_stateless_alu_4_4_stateful_alu_1_2_const_1_global = 1
int hula_forwarding_equivalent_1_canonicalizer_equivalent_0_pred_raw_stateless_alu_4_4_stateful_alu_1_2_output_mux_global = 0
int hula_forwarding_equivalent_1_canonicalizer_equivalent_0_pred_raw_stateless_alu_4_4_stateful_alu_1_2_rel_op_0_global = 2
int hula_forwarding_equivalent_1_canonicalizer_equivalent_0_pred_raw_stateless_alu_4_4_stateful_alu_2_0_Mux3_0_global = 2
int hula_forwarding_equivalent_1_canonicalizer_equivalent_0_pred_raw_stateless_alu_4_4_stateful_alu_2_0_Mux3_1_global = 2
int hula_forwarding_equivalent_1_canonicalizer_equivalent_0_pred_raw_stateless_alu_4_4_stateful_alu_2_0_Opt_0_global = 0
int hula_forwarding_equivalent_1_canonicalizer_equivalent_0_pred_raw_stateless_alu_4_4_stateful_alu_2_0_Opt_1_global = 0
int hula_forwarding_equivalent_1_canonicalizer_equivalent_0_pred_raw_stateless_alu_4_4_stateful_alu_2_0_const_0_global = 3
int hula_forwarding_equivalent_1_canonicalizer_equivalent_0_pred_raw_stateless_alu_4_4_stateful_alu_2_0_const_1_global = 1
int hula_forwarding_equivalent_1_canonicalizer_equivalent_0_pred_raw_stateless_alu_4_4_stateful_alu_2_0_output_mux_global = 0
int hula_forwarding_equivalent_1_canonicalizer_equivalent_0_pred_raw_stateless_alu_4_4_stateful_alu_2_0_rel_op_0_global = 3
int hula_forwarding_equivalent_1_canonicalizer_equivalent_0_pred_raw_stateless_alu_4_4_stateful_alu_2_1_Mux3_0_global = 2
int hula_forwarding_equivalent_1_canonicalizer_equivalent_0_pred_raw_stateless_alu_4_4_stateful_alu_2_1_Mux3_1_global = 0
int hula_forwarding_equivalent_1_canonicalizer_equivalent_0_pred_raw_stateless_alu_4_4_stateful_alu_2_1_Opt_0_global = 0
int hula_forwarding_equivalent_1_canonicalizer_equivalent_0_pred_raw_stateless_alu_4_4_stateful_alu_2_1_Opt_1_global = 0
int hula_forwarding_equivalent_1_canonicalizer_equivalent_0_pred_raw_stateless_alu_4_4_stateful_alu_2_1_const_0_global = 7
int hula_forwarding_equivalent_1_canonicalizer_equivalent_0_pred_raw_stateless_alu_4_4_stateful_alu_2_1_const_1_global = 8
int hula_forwarding_equivalent_1_canonicalizer_equivalent_0_pred_raw_stateless_alu_4_4_stateful_alu_2_1_output_mux_global = 0
int hula_forwarding_equivalent_1_canonicalizer_equivalent_0_pred_raw_stateless_alu_4_4_stateful_alu_2_1_rel_op_0_global = 0
int hula_forwarding_equivalent_1_canonicalizer_equivalent_0_pred_raw_stateless_alu_4_4_stateful_alu_2_2_Mux3_0_global = 2
int hula_forwarding_equivalent_1_canonicalizer_equivalent_0_pred_raw_stateless_alu_4_4_stateful_alu_2_2_Mux3_1_global = 1
int hula_forwarding_equivalent_1_canonicalizer_equivalent_0_pred_raw_stateless_alu_4_4_stateful_alu_2_2_Opt_0_global = 0
int hula_forwarding_equivalent_1_canonicalizer_equivalent_0_pred_raw_stateless_alu_4_4_stateful_alu_2_2_Opt_1_global = 0
int hula_forwarding_equivalent_1_canonicalizer_equivalent_0_pred_raw_stateless_alu_4_4_stateful_alu_2_2_const_0_global = 0
int hula_forwarding_equivalent_1_canonicalizer_equivalent_0_pred_raw_stateless_alu_4_4_stateful_alu_2_2_const_1_global = 3
int hula_forwarding_equivalent_1_canonicalizer_equivalent_0_pred_raw_stateless_alu_4_4_stateful_alu_2_2_output_mux_global = 0
int hula_forwarding_equivalent_1_canonicalizer_equivalent_0_pred_raw_stateless_alu_4_4_stateful_alu_2_2_rel_op_0_global = 1
int hula_forwarding_equivalent_1_canonicalizer_equivalent_0_pred_raw_stateless_alu_4_4_stateful_alu_3_0_Mux3_0_global = 3
int hula_forwarding_equivalent_1_canonicalizer_equivalent_0_pred_raw_stateless_alu_4_4_stateful_alu_3_0_Mux3_1_global = 1
int hula_forwarding_equivalent_1_canonicalizer_equivalent_0_pred_raw_stateless_alu_4_4_stateful_alu_3_0_Opt_0_global = 0
int hula_forwarding_equivalent_1_canonicalizer_equivalent_0_pred_raw_stateless_alu_4_4_stateful_alu_3_0_Opt_1_global = 0
int hula_forwarding_equivalent_1_canonicalizer_equivalent_0_pred_raw_stateless_alu_4_4_stateful_alu_3_0_const_0_global = 0
int hula_forwarding_equivalent_1_canonicalizer_equivalent_0_pred_raw_stateless_alu_4_4_stateful_alu_3_0_const_1_global = 6
int hula_forwarding_equivalent_1_canonicalizer_equivalent_0_pred_raw_stateless_alu_4_4_stateful_alu_3_0_output_mux_global = 0
int hula_forwarding_equivalent_1_canonicalizer_equivalent_0_pred_raw_stateless_alu_4_4_stateful_alu_3_0_rel_op_0_global = 3
int hula_forwarding_equivalent_1_canonicalizer_equivalent_0_pred_raw_stateless_alu_4_4_stateful_alu_3_1_Mux3_0_global = 0
int hula_forwarding_equivalent_1_canonicalizer_equivalent_0_pred_raw_stateless_alu_4_4_stateful_alu_3_1_Mux3_1_global = 1
int hula_forwarding_equivalent_1_canonicalizer_equivalent_0_pred_raw_stateless_alu_4_4_stateful_alu_3_1_Opt_0_global = 1
int hula_forwarding_equivalent_1_canonicalizer_equivalent_0_pred_raw_stateless_alu_4_4_stateful_alu_3_1_Opt_1_global = 1
int hula_forwarding_equivalent_1_canonicalizer_equivalent_0_pred_raw_stateless_alu_4_4_stateful_alu_3_1_const_0_global = 4
int hula_forwarding_equivalent_1_canonicalizer_equivalent_0_pred_raw_stateless_alu_4_4_stateful_alu_3_1_const_1_global = 2
int hula_forwarding_equivalent_1_canonicalizer_equivalent_0_pred_raw_stateless_alu_4_4_stateful_alu_3_1_output_mux_global = 0
int hula_forwarding_equivalent_1_canonicalizer_equivalent_0_pred_raw_stateless_alu_4_4_stateful_alu_3_1_rel_op_0_global = 1
int hula_forwarding_equivalent_1_canonicalizer_equivalent_0_pred_raw_stateless_alu_4_4_stateful_alu_3_2_Mux3_0_global = 2
int hula_forwarding_equivalent_1_canonicalizer_equivalent_0_pred_raw_stateless_alu_4_4_stateful_alu_3_2_Mux3_1_global = 0
int hula_forwarding_equivalent_1_canonicalizer_equivalent_0_pred_raw_stateless_alu_4_4_stateful_alu_3_2_Opt_0_global = 1
int hula_forwarding_equivalent_1_canonicalizer_equivalent_0_pred_raw_stateless_alu_4_4_stateful_alu_3_2_Opt_1_global = 0
int hula_forwarding_equivalent_1_canonicalizer_equivalent_0_pred_raw_stateless_alu_4_4_stateful_alu_3_2_const_0_global = 0
int hula_forwarding_equivalent_1_canonicalizer_equivalent_0_pred_raw_stateless_alu_4_4_stateful_alu_3_2_const_1_global = 4
int hula_forwarding_equivalent_1_canonicalizer_equivalent_0_pred_raw_stateless_alu_4_4_stateful_alu_3_2_output_mux_global = 0
int hula_forwarding_equivalent_1_canonicalizer_equivalent_0_pred_raw_stateless_alu_4_4_stateful_alu_3_2_rel_op_0_global = 3
int hula_forwarding_equivalent_1_canonicalizer_equivalent_0_pred_raw_stateless_alu_4_4_stateful_operand_mux_0_0_0_ctrl = 0
int hula_forwarding_equivalent_1_canonicalizer_equivalent_0_pred_raw_stateless_alu_4_4_stateful_operand_mux_0_0_1_ctrl = 3
int hula_forwarding_equivalent_1_canonicalizer_equivalent_0_pred_raw_stateless_alu_4_4_stateful_operand_mux_0_1_0_ctrl = 2
int hula_forwarding_equivalent_1_canonicalizer_equivalent_0_pred_raw_stateless_alu_4_4_stateful_operand_mux_0_1_1_ctrl = 0
int hula_forwarding_equivalent_1_canonicalizer_equivalent_0_pred_raw_stateless_alu_4_4_stateful_operand_mux_0_2_0_ctrl = 0
int hula_forwarding_equivalent_1_canonicalizer_equivalent_0_pred_raw_stateless_alu_4_4_stateful_operand_mux_0_2_1_ctrl = 1
int hula_forwarding_equivalent_1_canonicalizer_equivalent_0_pred_raw_stateless_alu_4_4_stateful_operand_mux_1_0_0_ctrl = 0
int hula_forwarding_equivalent_1_canonicalizer_equivalent_0_pred_raw_stateless_alu_4_4_stateful_operand_mux_1_0_1_ctrl = 1
int hula_forwarding_equivalent_1_canonicalizer_equivalent_0_pred_raw_stateless_alu_4_4_stateful_operand_mux_1_1_0_ctrl = 0
int hula_forwarding_equivalent_1_canonicalizer_equivalent_0_pred_raw_stateless_alu_4_4_stateful_operand_mux_1_1_1_ctrl = 2
int hula_forwarding_equivalent_1_canonicalizer_equivalent_0_pred_raw_stateless_alu_4_4_stateful_operand_mux_1_2_0_ctrl = 2
int hula_forwarding_equivalent_1_canonicalizer_equivalent_0_pred_raw_stateless_alu_4_4_stateful_operand_mux_1_2_1_ctrl = 3
int hula_forwarding_equivalent_1_canonicalizer_equivalent_0_pred_raw_stateless_alu_4_4_stateful_operand_mux_2_0_0_ctrl = 2
int hula_forwarding_equivalent_1_canonicalizer_equivalent_0_pred_raw_stateless_alu_4_4_stateful_operand_mux_2_0_1_ctrl = 3
int hula_forwarding_equivalent_1_canonicalizer_equivalent_0_pred_raw_stateless_alu_4_4_stateful_operand_mux_2_1_0_ctrl = 0
int hula_forwarding_equivalent_1_canonicalizer_equivalent_0_pred_raw_stateless_alu_4_4_stateful_operand_mux_2_1_1_ctrl = 2
int hula_forwarding_equivalent_1_canonicalizer_equivalent_0_pred_raw_stateless_alu_4_4_stateful_operand_mux_2_2_0_ctrl = 3
int hula_forwarding_equivalent_1_canonicalizer_equivalent_0_pred_raw_stateless_alu_4_4_stateful_operand_mux_2_2_1_ctrl = 2
int hula_forwarding_equivalent_1_canonicalizer_equivalent_0_pred_raw_stateless_alu_4_4_stateful_operand_mux_3_0_0_ctrl = 3
int hula_forwarding_equivalent_1_canonicalizer_equivalent_0_pred_raw_stateless_alu_4_4_stateful_operand_mux_3_0_1_ctrl = 1
int hula_forwarding_equivalent_1_canonicalizer_equivalent_0_pred_raw_stateless_alu_4_4_stateful_operand_mux_3_1_0_ctrl = 0
int hula_forwarding_equivalent_1_canonicalizer_equivalent_0_pred_raw_stateless_alu_4_4_stateful_operand_mux_3_1_1_ctrl = 1
int hula_forwarding_equivalent_1_canonicalizer_equivalent_0_pred_raw_stateless_alu_4_4_stateful_operand_mux_3_2_0_ctrl = 3
int hula_forwarding_equivalent_1_canonicalizer_equivalent_0_pred_raw_stateless_alu_4_4_stateful_operand_mux_3_2_1_ctrl = 0
int hula_forwarding_equivalent_1_canonicalizer_equivalent_0_pred_raw_stateless_alu_4_4_stateless_alu_0_0_immediate = 0
int hula_forwarding_equivalent_1_canonicalizer_equivalent_0_pred_raw_stateless_alu_4_4_stateless_alu_0_0_mux1_ctrl = 0
int hula_forwarding_equivalent_1_canonicalizer_equivalent_0_pred_raw_stateless_alu_4_4_stateless_alu_0_0_mux2_ctrl = 0
int hula_forwarding_equivalent_1_canonicalizer_equivalent_0_pred_raw_stateless_alu_4_4_stateless_alu_0_0_mux3_ctrl = 0
int hula_forwarding_equivalent_1_canonicalizer_equivalent_0_pred_raw_stateless_alu_4_4_stateless_alu_0_0_opcode = 28
int hula_forwarding_equivalent_1_canonicalizer_equivalent_0_pred_raw_stateless_alu_4_4_stateless_alu_0_1_immediate = 5
int hula_forwarding_equivalent_1_canonicalizer_equivalent_0_pred_raw_stateless_alu_4_4_stateless_alu_0_1_mux1_ctrl = 3
int hula_forwarding_equivalent_1_canonicalizer_equivalent_0_pred_raw_stateless_alu_4_4_stateless_alu_0_1_mux2_ctrl = 0
int hula_forwarding_equivalent_1_canonicalizer_equivalent_0_pred_raw_stateless_alu_4_4_stateless_alu_0_1_mux3_ctrl = 0
int hula_forwarding_equivalent_1_canonicalizer_equivalent_0_pred_raw_stateless_alu_4_4_stateless_alu_0_1_opcode = 3
int hula_forwarding_equivalent_1_canonicalizer_equivalent_0_pred_raw_stateless_alu_4_4_stateless_alu_0_2_immediate = 4
int hula_forwarding_equivalent_1_canonicalizer_equivalent_0_pred_raw_stateless_alu_4_4_stateless_alu_0_2_mux1_ctrl = 1
int hula_forwarding_equivalent_1_canonicalizer_equivalent_0_pred_raw_stateless_alu_4_4_stateless_alu_0_2_mux2_ctrl = 2
int hula_forwarding_equivalent_1_canonicalizer_equivalent_0_pred_raw_stateless_alu_4_4_stateless_alu_0_2_mux3_ctrl = 3
int hula_forwarding_equivalent_1_canonicalizer_equivalent_0_pred_raw_stateless_alu_4_4_stateless_alu_0_2_opcode = 4
int hula_forwarding_equivalent_1_canonicalizer_equivalent_0_pred_raw_stateless_alu_4_4_stateless_alu_0_3_immediate = 1
int hula_forwarding_equivalent_1_canonicalizer_equivalent_0_pred_raw_stateless_alu_4_4_stateless_alu_0_3_mux1_ctrl = 0
int hula_forwarding_equivalent_1_canonicalizer_equivalent_0_pred_raw_stateless_alu_4_4_stateless_alu_0_3_mux2_ctrl = 0
int hula_forwarding_equivalent_1_canonicalizer_equivalent_0_pred_raw_stateless_alu_4_4_stateless_alu_0_3_mux3_ctrl = 0
int hula_forwarding_equivalent_1_canonicalizer_equivalent_0_pred_raw_stateless_alu_4_4_stateless_alu_0_3_opcode = 2
int hula_forwarding_equivalent_1_canonicalizer_equivalent_0_pred_raw_stateless_alu_4_4_stateless_alu_1_0_immediate = 4
int hula_forwarding_equivalent_1_canonicalizer_equivalent_0_pred_raw_stateless_alu_4_4_stateless_alu_1_0_mux1_ctrl = 2
int hula_forwarding_equivalent_1_canonicalizer_equivalent_0_pred_raw_stateless_alu_4_4_stateless_alu_1_0_mux2_ctrl = 0
int hula_forwarding_equivalent_1_canonicalizer_equivalent_0_pred_raw_stateless_alu_4_4_stateless_alu_1_0_mux3_ctrl = 0
int hula_forwarding_equivalent_1_canonicalizer_equivalent_0_pred_raw_stateless_alu_4_4_stateless_alu_1_0_opcode = 2
int hula_forwarding_equivalent_1_canonicalizer_equivalent_0_pred_raw_stateless_alu_4_4_stateless_alu_1_1_immediate = 3
int hula_forwarding_equivalent_1_canonicalizer_equivalent_0_pred_raw_stateless_alu_4_4_stateless_alu_1_1_mux1_ctrl = 3
int hula_forwarding_equivalent_1_canonicalizer_equivalent_0_pred_raw_stateless_alu_4_4_stateless_alu_1_1_mux2_ctrl = 2
int hula_forwarding_equivalent_1_canonicalizer_equivalent_0_pred_raw_stateless_alu_4_4_stateless_alu_1_1_mux3_ctrl = 0
int hula_forwarding_equivalent_1_canonicalizer_equivalent_0_pred_raw_stateless_alu_4_4_stateless_alu_1_1_opcode = 12
int hula_forwarding_equivalent_1_canonicalizer_equivalent_0_pred_raw_stateless_alu_4_4_stateless_alu_1_2_immediate = 0
int hula_forwarding_equivalent_1_canonicalizer_equivalent_0_pred_raw_stateless_alu_4_4_stateless_alu_1_2_mux1_ctrl = 1
int hula_forwarding_equivalent_1_canonicalizer_equivalent_0_pred_raw_stateless_alu_4_4_stateless_alu_1_2_mux2_ctrl = 2
int hula_forwarding_equivalent_1_canonicalizer_equivalent_0_pred_raw_stateless_alu_4_4_stateless_alu_1_2_mux3_ctrl = 2
int hula_forwarding_equivalent_1_canonicalizer_equivalent_0_pred_raw_stateless_alu_4_4_stateless_alu_1_2_opcode = 5
int hula_forwarding_equivalent_1_canonicalizer_equivalent_0_pred_raw_stateless_alu_4_4_stateless_alu_1_3_immediate = 3
int hula_forwarding_equivalent_1_canonicalizer_equivalent_0_pred_raw_stateless_alu_4_4_stateless_alu_1_3_mux1_ctrl = 0
int hula_forwarding_equivalent_1_canonicalizer_equivalent_0_pred_raw_stateless_alu_4_4_stateless_alu_1_3_mux2_ctrl = 0
int hula_forwarding_equivalent_1_canonicalizer_equivalent_0_pred_raw_stateless_alu_4_4_stateless_alu_1_3_mux3_ctrl = 1
int hula_forwarding_equivalent_1_canonicalizer_equivalent_0_pred_raw_stateless_alu_4_4_stateless_alu_1_3_opcode = 31
int hula_forwarding_equivalent_1_canonicalizer_equivalent_0_pred_raw_stateless_alu_4_4_stateless_alu_2_0_immediate = 0
int hula_forwarding_equivalent_1_canonicalizer_equivalent_0_pred_raw_stateless_alu_4_4_stateless_alu_2_0_mux1_ctrl = 1
int hula_forwarding_equivalent_1_canonicalizer_equivalent_0_pred_raw_stateless_alu_4_4_stateless_alu_2_0_mux2_ctrl = 0
int hula_forwarding_equivalent_1_canonicalizer_equivalent_0_pred_raw_stateless_alu_4_4_stateless_alu_2_0_mux3_ctrl = 0
int hula_forwarding_equivalent_1_canonicalizer_equivalent_0_pred_raw_stateless_alu_4_4_stateless_alu_2_0_opcode = 7
int hula_forwarding_equivalent_1_canonicalizer_equivalent_0_pred_raw_stateless_alu_4_4_stateless_alu_2_1_immediate = 5
int hula_forwarding_equivalent_1_canonicalizer_equivalent_0_pred_raw_stateless_alu_4_4_stateless_alu_2_1_mux1_ctrl = 1
int hula_forwarding_equivalent_1_canonicalizer_equivalent_0_pred_raw_stateless_alu_4_4_stateless_alu_2_1_mux2_ctrl = 3
int hula_forwarding_equivalent_1_canonicalizer_equivalent_0_pred_raw_stateless_alu_4_4_stateless_alu_2_1_mux3_ctrl = 2
int hula_forwarding_equivalent_1_canonicalizer_equivalent_0_pred_raw_stateless_alu_4_4_stateless_alu_2_1_opcode = 14
int hula_forwarding_equivalent_1_canonicalizer_equivalent_0_pred_raw_stateless_alu_4_4_stateless_alu_2_2_immediate = 5
int hula_forwarding_equivalent_1_canonicalizer_equivalent_0_pred_raw_stateless_alu_4_4_stateless_alu_2_2_mux1_ctrl = 1
int hula_forwarding_equivalent_1_canonicalizer_equivalent_0_pred_raw_stateless_alu_4_4_stateless_alu_2_2_mux2_ctrl = 0
int hula_forwarding_equivalent_1_canonicalizer_equivalent_0_pred_raw_stateless_alu_4_4_stateless_alu_2_2_mux3_ctrl = 0
int hula_forwarding_equivalent_1_canonicalizer_equivalent_0_pred_raw_stateless_alu_4_4_stateless_alu_2_2_opcode = 2
int hula_forwarding_equivalent_1_canonicalizer_equivalent_0_pred_raw_stateless_alu_4_4_stateless_alu_2_3_immediate = 1
int hula_forwarding_equivalent_1_canonicalizer_equivalent_0_pred_raw_stateless_alu_4_4_stateless_alu_2_3_mux1_ctrl = 0
int hula_forwarding_equivalent_1_canonicalizer_equivalent_0_pred_raw_stateless_alu_4_4_stateless_alu_2_3_mux2_ctrl = 3
int hula_forwarding_equivalent_1_canonicalizer_equivalent_0_pred_raw_stateless_alu_4_4_stateless_alu_2_3_mux3_ctrl = 2
int hula_forwarding_equivalent_1_canonicalizer_equivalent_0_pred_raw_stateless_alu_4_4_stateless_alu_2_3_opcode = 14
int hula_forwarding_equivalent_1_canonicalizer_equivalent_0_pred_raw_stateless_alu_4_4_stateless_alu_3_0_immediate = 0
int hula_forwarding_equivalent_1_canonicalizer_equivalent_0_pred_raw_stateless_alu_4_4_stateless_alu_3_0_mux1_ctrl = 0
int hula_forwarding_equivalent_1_canonicalizer_equivalent_0_pred_raw_stateless_alu_4_4_stateless_alu_3_0_mux2_ctrl = 1
int hula_forwarding_equivalent_1_canonicalizer_equivalent_0_pred_raw_stateless_alu_4_4_stateless_alu_3_0_mux3_ctrl = 2
int hula_forwarding_equivalent_1_canonicalizer_equivalent_0_pred_raw_stateless_alu_4_4_stateless_alu_3_0_opcode = 21
int hula_forwarding_equivalent_1_canonicalizer_equivalent_0_pred_raw_stateless_alu_4_4_stateless_alu_3_1_immediate = 2
int hula_forwarding_equivalent_1_canonicalizer_equivalent_0_pred_raw_stateless_alu_4_4_stateless_alu_3_1_mux1_ctrl = 1
int hula_forwarding_equivalent_1_canonicalizer_equivalent_0_pred_raw_stateless_alu_4_4_stateless_alu_3_1_mux2_ctrl = 3
int hula_forwarding_equivalent_1_canonicalizer_equivalent_0_pred_raw_stateless_alu_4_4_stateless_alu_3_1_mux3_ctrl = 3
int hula_forwarding_equivalent_1_canonicalizer_equivalent_0_pred_raw_stateless_alu_4_4_stateless_alu_3_1_opcode = 5
int hula_forwarding_equivalent_1_canonicalizer_equivalent_0_pred_raw_stateless_alu_4_4_stateless_alu_3_2_immediate = 4
int hula_forwarding_equivalent_1_canonicalizer_equivalent_0_pred_raw_stateless_alu_4_4_stateless_alu_3_2_mux1_ctrl = 0
int hula_forwarding_equivalent_1_canonicalizer_equivalent_0_pred_raw_stateless_alu_4_4_stateless_alu_3_2_mux2_ctrl = 0
int hula_forwarding_equivalent_1_canonicalizer_equivalent_0_pred_raw_stateless_alu_4_4_stateless_alu_3_2_mux3_ctrl = 0
int hula_forwarding_equivalent_1_canonicalizer_equivalent_0_pred_raw_stateless_alu_4_4_stateless_alu_3_2_opcode = 25
int hula_forwarding_equivalent_1_canonicalizer_equivalent_0_pred_raw_stateless_alu_4_4_stateless_alu_3_3_immediate = 1
int hula_forwarding_equivalent_1_canonicalizer_equivalent_0_pred_raw_stateless_alu_4_4_stateless_alu_3_3_mux1_ctrl = 0
int hula_forwarding_equivalent_1_canonicalizer_equivalent_0_pred_raw_stateless_alu_4_4_stateless_alu_3_3_mux2_ctrl = 0
int hula_forwarding_equivalent_1_canonicalizer_equivalent_0_pred_raw_stateless_alu_4_4_stateless_alu_3_3_mux3_ctrl = 0
int hula_forwarding_equivalent_1_canonicalizer_equivalent_0_pred_raw_stateless_alu_4_4_stateless_alu_3_3_opcode = 0
Output left in hula_forwarding_equivalent_1_canonicalizer_equivalent_0_pred_raw_stateless_alu_4_4.success